<?xml version="1.0" encoding="UTF-8"?>
<testng-results ignored="0" total="1" passed="1" failed="0" skipped="0">
  <reporter-output>
  </reporter-output>
  <suite started-at="2023-11-28T15:28:31 IST" name="Default suite" finished-at="2023-11-28T15:29:08 IST" duration-ms="37162">
    <groups>
    </groups>
    <test started-at="2023-11-28T15:28:31 IST" name="Default test" finished-at="2023-11-28T15:29:08 IST" duration-ms="37162">
      <class name="testCases.Cart">
        <test-method is-config="true" signature="launchBrowser()[pri:0, instance:testCases.Cart@55cb6996]" started-at="2023-11-28T15:28:31 IST" name="launchBrowser" finished-at="2023-11-28T15:28:56 IST" duration-ms="24730" status="PASS">
          <reporter-output>
          </reporter-output>
        </test-method> <!-- launchBrowser -->
        <test-method signature="addToCart()[pri:0, instance:testCases.Cart@55cb6996]" started-at="2023-11-28T15:28:56 IST" name="addToCart" finished-at="2023-11-28T15:29:06 IST" duration-ms="10467" status="PASS">
          <reporter-output>
          </reporter-output>
        </test-method> <!-- addToCart -->
        <test-method is-config="true" signature="tearDown()[pri:0, instance:testCases.Cart@55cb6996]" started-at="2023-11-28T15:29:06 IST" name="tearDown" finished-at="2023-11-28T15:29:08 IST" duration-ms="1692" status="PASS">
          <reporter-output>
          </reporter-output>
        </test-method> <!-- tearDown -->
      </class> <!-- testCases.Cart -->
    </test> <!-- Default test -->
  </suite> <!-- Default suite -->
</testng-results>
